<?xml version="1.0" encoding="UTF-8"?>
<!-- Generated by org.testng.reporters.JUnitXMLReporter -->
<testsuite hostname="DESKTOP-8I83B01" name="Default test" tests="4" failures="0" timestamp="8 Oct 2021 09:10:41 GMT" time="0.632" errors="0">
  <testcase name="verify_user_page" time="0.031" classname="com.jbk.test.UserPageTest"/>
  <testcase name="verify_user_page" time="0.031" classname="com.jbk.test.UserPageTest"/>
  <testcase name="validate_user_page" time="0.394" classname="com.jbk.test.UserPageTest"/>
  <testcase name="validate_user_page" time="0.394" classname="com.jbk.test.UserPageTest"/>
</testsuite> <!-- Default test -->
